<?xml version="1.0" encoding="UTF-8"?>
<!-- Generated by org.testng.reporters.JUnitReportReporter -->
<testsuite hostname="LAPTOP-KMM52CRE" failures="0" tests="3" name="mandatoryHW.selenium.week7CW.TotalCal" time="0.012" errors="0" timestamp="2023-09-10T18:44:39 IST" skipped="0">
  <testcase classname="mandatoryHW.selenium.week7CW.TotalCal" name="test1" time="0.010"/>
  <testcase classname="mandatoryHW.selenium.week7CW.TotalCal" name="test3" time="0.001"/>
  <testcase classname="mandatoryHW.selenium.week7CW.TotalCal" name="test2" time="0.001"/>
</testsuite> <!-- mandatoryHW.selenium.week7CW.TotalCal -->
