<?xml version="1.0" encoding="UTF-8"?>
<!-- Generated by org.testng.reporters.JUnitReportReporter -->
<testsuite hostname="LAPTOP-KMM52CRE" failures="0" tests="1" name="mandatoryHW.DSA.week7.ShuffledString" time="0.008" errors="0" timestamp="2023-09-14T15:02:31 IST" skipped="0">
  <testcase classname="mandatoryHW.DSA.week7.ShuffledString" name="test1" time="0.008"/>
</testsuite> <!-- mandatoryHW.DSA.week7.ShuffledString -->
