<?xml version="1.0" encoding="UTF-8"?>
<!-- Generated by org.testng.reporters.JUnitReportReporter -->
<testsuite hostname="LAPTOP-KMM52CRE" failures="0" tests="4" name="mandatoryHW.DSA.week7.ReverseWords" time="0.011" errors="0" timestamp="2023-09-14T17:02:58 IST" skipped="0">
  <testcase classname="mandatoryHW.DSA.week7.ReverseWords" name="test2" time="0.001"/>
  <testcase classname="mandatoryHW.DSA.week7.ReverseWords" name="test3" time="0.001"/>
  <testcase classname="mandatoryHW.DSA.week7.ReverseWords" name="test4" time="0.001"/>
  <testcase classname="mandatoryHW.DSA.week7.ReverseWords" name="test1" time="0.008"/>
</testsuite> <!-- mandatoryHW.DSA.week7.ReverseWords -->
