<?xml version="1.0" encoding="UTF-8"?>
<!-- Generated by org.testng.reporters.JUnitReportReporter -->
<testsuite hostname="LAPTOP-KMM52CRE" failures="0" tests="1" name="mandatoryHW.selenium.Day3" time="34.430" errors="0" timestamp="2023-08-21T15:10:51 IST" skipped="0">
  <testcase classname="mandatoryHW.selenium.Day3" name="day3" time="34.430"/>
</testsuite> <!-- mandatoryHW.selenium.Day3 -->
