<?xml version="1.0" encoding="UTF-8"?>
<!-- Generated by org.testng.reporters.JUnitReportReporter -->
<testsuite hostname="LAPTOP-KMM52CRE" failures="0" tests="1" name="mandatoryHW.selenium.Day5_HW" time="32.985" errors="0" timestamp="2023-08-25T02:34:49 IST" skipped="0">
  <testcase classname="mandatoryHW.selenium.Day5_HW" name="day5_Hw" time="32.985"/>
</testsuite> <!-- mandatoryHW.selenium.Day5_HW -->
