<?xml version="1.0" encoding="UTF-8"?>
<!-- Generated by org.testng.reporters.JUnitReportReporter -->
<testsuite hostname="LAPTOP-KMM52CRE" failures="0" tests="1" name="mandatoryHW.DSA.week6.RamsomNote" time="328.385" errors="0" timestamp="2023-09-06T22:35:05 IST" skipped="0">
  <testcase classname="mandatoryHW.DSA.week6.RamsomNote" name="test3" time="328.385"/>
</testsuite> <!-- mandatoryHW.DSA.week6.RamsomNote -->
