<?xml version="1.0" encoding="UTF-8"?>
<!-- Generated by org.testng.reporters.JUnitReportReporter -->
<testsuite hostname="LAPTOP-KMM52CRE" failures="0" tests="1" name="mandatoryHW.DSA.week10.MinRecolors" time="26.661" errors="0" timestamp="2023-09-26T16:08:39 IST" skipped="0">
  <testcase classname="mandatoryHW.DSA.week10.MinRecolors" name="tc" time="26.661"/>
</testsuite> <!-- mandatoryHW.DSA.week10.MinRecolors -->
