<?xml version="1.0" encoding="UTF-8"?>
<!-- Generated by org.testng.reporters.JUnitReportReporter -->
<testsuite hostname="LAPTOP-KMM52CRE" failures="0" tests="2" name="mandatoryHW.DSA.week7.FaultyKeyboard" time="0.010" errors="0" timestamp="2023-09-11T22:28:51 IST" skipped="0">
  <testcase classname="mandatoryHW.DSA.week7.FaultyKeyboard" name="test2" time="0.002"/>
  <testcase classname="mandatoryHW.DSA.week7.FaultyKeyboard" name="test1" time="0.008"/>
</testsuite> <!-- mandatoryHW.DSA.week7.FaultyKeyboard -->
