<?xml version="1.0" encoding="UTF-8"?>
<!-- Generated by org.testng.reporters.JUnitReportReporter -->
<testsuite hostname="LAPTOP-KMM52CRE" failures="0" tests="1" name="mandatoryHW.DSA.week10.BowlingGame_addnlApproach" time="92.411" errors="0" timestamp="2023-09-28T17:40:54 IST" skipped="0">
  <testcase classname="mandatoryHW.DSA.week10.BowlingGame_addnlApproach" name="tc1" time="92.411"/>
</testsuite> <!-- mandatoryHW.DSA.week10.BowlingGame_addnlApproach -->
