<?xml version="1.0" encoding="UTF-8"?>
<!-- Generated by org.testng.reporters.JUnitReportReporter -->
<testsuite hostname="LAPTOP-KMM52CRE" failures="0" tests="1" name="mandatoryHW.DSA.week6.SortingTheSentence" time="0.010" errors="0" timestamp="2023-09-11T18:43:18 IST" skipped="0">
  <testcase classname="mandatoryHW.DSA.week6.SortingTheSentence" name="test1" time="0.010"/>
</testsuite> <!-- mandatoryHW.DSA.week6.SortingTheSentence -->
