<?xml version="1.0" encoding="UTF-8"?>
<!-- Generated by org.testng.reporters.JUnitReportReporter -->
<testsuite hostname="LAPTOP-KMM52CRE" failures="0" tests="4" name="mandatoryHW.week4.Day2" time="0.029" errors="0" timestamp="2023-08-23T17:38:56 IST" skipped="0">
  <testcase classname="mandatoryHW.week4.Day2" name="test2" time="0.003"/>
  <testcase classname="mandatoryHW.week4.Day2" name="test4" time="0.003"/>
  <testcase classname="mandatoryHW.week4.Day2" name="test3" time="0.003"/>
  <testcase classname="mandatoryHW.week4.Day2" name="test1" time="0.020"/>
</testsuite> <!-- mandatoryHW.week4.Day2 -->
