<?xml version="1.0" encoding="UTF-8"?>
<!-- Generated by org.testng.reporters.JUnitReportReporter -->
<testsuite hostname="LAPTOP-KMM52CRE" failures="0" tests="1" name="mandatoryCW.week10.NumberPalindrome" time="0.019" errors="0" timestamp="2023-09-23T22:57:24 IST" skipped="0">
  <testcase classname="mandatoryCW.week10.NumberPalindrome" name="test1" time="0.019"/>
</testsuite> <!-- mandatoryCW.week10.NumberPalindrome -->
