<?xml version="1.0" encoding="UTF-8"?>
<!-- Generated by org.testng.reporters.JUnitReportReporter -->
<testsuite hostname="LAPTOP-KMM52CRE" failures="0" tests="3" name="mandatoryHW.DSA.week9.LexicographicallySmallestPalindrome" time="0.026" errors="0" timestamp="2023-09-19T21:55:02 IST" skipped="0">
  <testcase classname="mandatoryHW.DSA.week9.LexicographicallySmallestPalindrome" name="tc3" time="0.003"/>
  <testcase classname="mandatoryHW.DSA.week9.LexicographicallySmallestPalindrome" name="tc2" time="0.002"/>
  <testcase classname="mandatoryHW.DSA.week9.LexicographicallySmallestPalindrome" name="tc1" time="0.021"/>
</testsuite> <!-- mandatoryHW.DSA.week9.LexicographicallySmallestPalindrome -->
