<?xml version="1.0" encoding="UTF-8"?>
<!-- Generated by org.testng.reporters.JUnitReportReporter -->
<testsuite hostname="LAPTOP-KMM52CRE" failures="0" tests="1" name="mandatoryCW.week10.ConsecutiveCharsCount" time="7.414" errors="0" timestamp="2023-09-24T11:49:31 IST" skipped="0">
  <testcase classname="mandatoryCW.week10.ConsecutiveCharsCount" name="tc1" time="7.414"/>
</testsuite> <!-- mandatoryCW.week10.ConsecutiveCharsCount -->
