<?xml version="1.0" encoding="UTF-8"?>
<!-- Generated by org.testng.reporters.JUnitReportReporter -->
<testsuite hostname="LAPTOP-KMM52CRE" failures="0" tests="2" name="mandatoryHW.DSA.week6.DecodeTheMessage" time="0.012" errors="0" timestamp="2023-09-11T18:59:02 IST" skipped="0">
  <testcase classname="mandatoryHW.DSA.week6.DecodeTheMessage" name="test1" time="0.011"/>
  <testcase classname="mandatoryHW.DSA.week6.DecodeTheMessage" name="test2" time="0.001"/>
</testsuite> <!-- mandatoryHW.DSA.week6.DecodeTheMessage -->
