<?xml version="1.0" encoding="UTF-8"?>
<!-- Generated by org.testng.reporters.JUnitReportReporter -->
<testsuite hostname="LAPTOP-KMM52CRE" failures="0" tests="8" name="mandatoryCW.restAssured.BookerApi" time="13.871" errors="0" timestamp="2023-08-31T00:26:31 IST" skipped="0">
  <testcase classname="mandatoryCW.restAssured.BookerApi" name="partialUpdate" time="1.306"/>
  <testcase classname="mandatoryCW.restAssured.BookerApi" name="getBookingIds" time="1.644"/>
  <testcase classname="mandatoryCW.restAssured.BookerApi" name="generateToken" time="1.980"/>
  <testcase classname="mandatoryCW.restAssured.BookerApi" name="ping" time="2.152"/>
  <testcase classname="mandatoryCW.restAssured.BookerApi" name="getBooking" time="1.578"/>
  <testcase classname="mandatoryCW.restAssured.BookerApi" name="updateBooking" time="1.286"/>
  <testcase classname="mandatoryCW.restAssured.BookerApi" name="deleteBooking" time="2.637"/>
  <testcase classname="mandatoryCW.restAssured.BookerApi" name="createBooking" time="1.288"/>
</testsuite> <!-- mandatoryCW.restAssured.BookerApi -->
