<?xml version="1.0" encoding="UTF-8"?>
<!-- Generated by org.testng.reporters.JUnitReportReporter -->
<testsuite hostname="LAPTOP-KMM52CRE" failures="0" tests="5" name="mandatoryHW.DSA.week4.AcronymofWords" time="0.015" errors="0" timestamp="2023-09-04T23:13:06 IST" skipped="0">
  <testcase classname="mandatoryHW.DSA.week4.AcronymofWords" name="test3" time="0.000"/>
  <testcase classname="mandatoryHW.DSA.week4.AcronymofWords" name="test4" time="0.002"/>
  <testcase classname="mandatoryHW.DSA.week4.AcronymofWords" name="test5" time="0.002"/>
  <testcase classname="mandatoryHW.DSA.week4.AcronymofWords" name="test2" time="0.001"/>
  <testcase classname="mandatoryHW.DSA.week4.AcronymofWords" name="test1" time="0.010"/>
</testsuite> <!-- mandatoryHW.DSA.week4.AcronymofWords -->
