<?xml version="1.0" encoding="UTF-8"?>
<!-- Generated by org.testng.reporters.JUnitReportReporter -->
<testsuite hostname="LAPTOP-KMM52CRE" failures="0" tests="1" name="mandatoryCW.selenium.salesforceTCs.TC1_Individuals_Create" time="20.917" errors="0" timestamp="2023-08-27T13:31:48 IST" skipped="0">
  <testcase classname="mandatoryCW.selenium.salesforceTCs.TC1_Individuals_Create" name="tc1" time="20.917"/>
</testsuite> <!-- mandatoryCW.selenium.salesforceTCs.TC1_Individuals_Create -->
