<?xml version="1.0" encoding="UTF-8"?>
<!-- Generated by org.testng.reporters.JUnitReportReporter -->
<testsuite hostname="LAPTOP-KMM52CRE" failures="0" tests="2" name="mandatoryHW.DSA.week8.MoveOddNums" time="0.030" errors="0" timestamp="2023-09-18T17:38:21 IST" skipped="0">
  <testcase classname="mandatoryHW.DSA.week8.MoveOddNums" name="test2" time="0.004"/>
  <testcase classname="mandatoryHW.DSA.week8.MoveOddNums" name="test1" time="0.026"/>
</testsuite> <!-- mandatoryHW.DSA.week8.MoveOddNums -->
