<?xml version="1.0" encoding="UTF-8"?>
<!-- Generated by org.testng.reporters.JUnitReportReporter -->
<testsuite hostname="LAPTOP-KMM52CRE" failures="0" tests="1" name="mandatoryHW.DSA.week8.ReverseString" time="78.633" errors="0" timestamp="2023-09-16T10:20:25 IST" skipped="0">
  <testcase classname="mandatoryHW.DSA.week8.ReverseString" name="test1" time="78.633"/>
</testsuite> <!-- mandatoryHW.DSA.week8.ReverseString -->
