<?xml version="1.0" encoding="UTF-8"?>
<!-- Generated by org.testng.reporters.JUnitReportReporter -->
<testsuite hostname="LAPTOP-KMM52CRE" failures="0" tests="1" name="mandatoryHW.DSA.week7.ReverseString_CW" time="0.024" errors="0" timestamp="2023-09-15T07:53:47 IST" skipped="0">
  <testcase classname="mandatoryHW.DSA.week7.ReverseString_CW" name="test" time="0.024"/>
</testsuite> <!-- mandatoryHW.DSA.week7.ReverseString_CW -->
