<?xml version="1.0" encoding="UTF-8"?>
<!-- Generated by org.testng.reporters.JUnitReportReporter -->
<testsuite hostname="LAPTOP-KMM52CRE" failures="0" tests="1" name="mandatoryCW.selenium.salesforceTCs.TC6_ServiceTerritoriesCreation" time="31.861" errors="0" timestamp="2023-09-02T01:33:58 IST" skipped="0">
  <testcase classname="mandatoryCW.selenium.salesforceTCs.TC6_ServiceTerritoriesCreation" name="tc6Serviceterr" time="31.861"/>
</testsuite> <!-- mandatoryCW.selenium.salesforceTCs.TC6_ServiceTerritoriesCreation -->
