<?xml version="1.0" encoding="UTF-8"?>
<!-- Generated by org.testng.reporters.JUnitReportReporter -->
<testsuite hostname="LAPTOP-KMM52CRE" failures="0" tests="2" name="mandatoryHW.DSA.week7.NumberOfLinesinString" time="0.026" errors="0" timestamp="2023-09-14T12:28:24 IST" skipped="0">
  <testcase classname="mandatoryHW.DSA.week7.NumberOfLinesinString" name="test2" time="0.003"/>
  <testcase classname="mandatoryHW.DSA.week7.NumberOfLinesinString" name="test1" time="0.023"/>
</testsuite> <!-- mandatoryHW.DSA.week7.NumberOfLinesinString -->
