<?xml version="1.0" encoding="UTF-8"?>
<!-- Generated by org.testng.reporters.JUnitReportReporter -->
<testsuite hostname="LAPTOP-KMM52CRE" failures="0" tests="1" name="mandatoryHW.DSA.week7.HeightCheck" time="0.020" errors="0" timestamp="2023-09-12T12:31:22 IST" skipped="0">
  <testcase classname="mandatoryHW.DSA.week7.HeightCheck" name="test1" time="0.020"/>
</testsuite> <!-- mandatoryHW.DSA.week7.HeightCheck -->
