<?xml version="1.0" encoding="UTF-8"?>
<!-- Generated by org.testng.reporters.JUnitReportReporter -->
<testsuite hostname="LAPTOP-KMM52CRE" failures="0" tests="1" name="mandatoryHW.selenium.Day5" time="5.890" errors="0" timestamp="2023-08-24T21:31:37 IST" skipped="0">
  <testcase classname="mandatoryHW.selenium.Day5" name="day5" time="5.890"/>
</testsuite> <!-- mandatoryHW.selenium.Day5 -->
