<?xml version="1.0" encoding="UTF-8"?>
<!-- Generated by org.testng.reporters.JUnitReportReporter -->
<testsuite hostname="LAPTOP-KMM52CRE" failures="0" tests="1" name="mandatoryHW.DSA.week6.FiboSeries" time="0.009" errors="0" timestamp="2023-09-10T19:38:13 IST" skipped="0">
  <testcase classname="mandatoryHW.DSA.week6.FiboSeries" name="test1" time="0.009"/>
</testsuite> <!-- mandatoryHW.DSA.week6.FiboSeries -->
