<?xml version="1.0" encoding="UTF-8"?>
<!-- Generated by org.testng.reporters.JUnitReportReporter -->
<testsuite hostname="LAPTOP-KMM52CRE" failures="0" tests="1" name="mandatoryHW.DSA.week7.EqualDigitCnt" time="128.868" errors="0" timestamp="2023-09-15T09:04:06 IST" skipped="0">
  <testcase classname="mandatoryHW.DSA.week7.EqualDigitCnt" name="test1" time="128.868"/>
</testsuite> <!-- mandatoryHW.DSA.week7.EqualDigitCnt -->
