<?xml version="1.0" encoding="UTF-8"?>
<!-- Generated by org.testng.reporters.JUnitReportReporter -->
<testsuite hostname="LAPTOP-KMM52CRE" failures="0" tests="2" name="mandatoryHW.DSA.week9.NoOfSubArrs" time="0.011" errors="0" timestamp="2023-09-20T15:10:37 IST" skipped="0">
  <testcase classname="mandatoryHW.DSA.week9.NoOfSubArrs" name="tc2" time="0.002"/>
  <testcase classname="mandatoryHW.DSA.week9.NoOfSubArrs" name="tc1" time="0.009"/>
</testsuite> <!-- mandatoryHW.DSA.week9.NoOfSubArrs -->
