<?xml version="1.0" encoding="UTF-8"?>
<!-- Generated by org.testng.reporters.JUnitReportReporter -->
<testsuite hostname="LAPTOP-KMM52CRE" failures="0" tests="3" name="mandatoryHW.week3.day5" time="0.023" errors="0" timestamp="2023-08-21T16:06:47 IST" skipped="0">
  <testcase classname="mandatoryHW.week3.day5" name="test1" time="0.018"/>
  <testcase classname="mandatoryHW.week3.day5" name="test2" time="0.002"/>
  <testcase classname="mandatoryHW.week3.day5" name="test3" time="0.003"/>
</testsuite> <!-- mandatoryHW.week3.day5 -->
