<?xml version="1.0" encoding="UTF-8"?>
<!-- Generated by org.testng.reporters.JUnitReportReporter -->
<testsuite hostname="LAPTOP-KMM52CRE" failures="0" tests="1" name="mandatoryHW.DSA.week6.RansomNote_1" time="80296.414" errors="0" timestamp="2023-09-07T21:37:45 IST" skipped="0">
  <testcase classname="mandatoryHW.DSA.week6.RansomNote_1" name="test" time="80296.414"/>
</testsuite> <!-- mandatoryHW.DSA.week6.RansomNote_1 -->
