<?xml version="1.0" encoding="UTF-8"?>
<!-- Generated by org.testng.reporters.JUnitReportReporter -->
<testsuite hostname="LAPTOP-KMM52CRE" failures="0" tests="1" name="mandatoryHW.selenium.Day4" time="12.854" errors="0" timestamp="2023-08-21T23:36:30 IST" skipped="0">
  <testcase classname="mandatoryHW.selenium.Day4" name="day4" time="12.854"/>
</testsuite> <!-- mandatoryHW.selenium.Day4 -->
