<?xml version="1.0" encoding="UTF-8"?>
<!-- Generated by org.testng.reporters.JUnitReportReporter -->
<testsuite hostname="LAPTOP-KMM52CRE" failures="0" tests="1" name="mandatoryCW.week10.SmallestSubSeq" time="30.847" errors="0" timestamp="2023-09-23T13:16:43 IST" skipped="0">
  <testcase classname="mandatoryCW.week10.SmallestSubSeq" name="tc" time="30.847"/>
</testsuite> <!-- mandatoryCW.week10.SmallestSubSeq -->
