<?xml version="1.0" encoding="UTF-8"?>
<!-- Generated by org.testng.reporters.JUnitReportReporter -->
<testsuite hostname="LAPTOP-KMM52CRE" failures="0" tests="4" name="mandatoryCW.week10.IsPalindrome" time="0.028" errors="0" timestamp="2023-09-23T09:53:07 IST" skipped="0">
  <testcase classname="mandatoryCW.week10.IsPalindrome" name="tc2" time="0.003"/>
  <testcase classname="mandatoryCW.week10.IsPalindrome" name="tc3" time="0.002"/>
  <testcase classname="mandatoryCW.week10.IsPalindrome" name="tc4" time="0.003"/>
  <testcase classname="mandatoryCW.week10.IsPalindrome" name="tc1" time="0.020"/>
</testsuite> <!-- mandatoryCW.week10.IsPalindrome -->
