<?xml version="1.0" encoding="UTF-8"?>
<!-- Generated by org.testng.reporters.JUnitReportReporter -->
<testsuite hostname="LAPTOP-KMM52CRE" failures="0" tests="1" name="mandatoryCW.selenium.salesforceTCs.TC2_Individuals" time="19.211" errors="0" timestamp="2023-08-27T15:11:01 IST" skipped="0">
  <testcase classname="mandatoryCW.selenium.salesforceTCs.TC2_Individuals" name="tc2" time="19.211"/>
</testsuite> <!-- mandatoryCW.selenium.salesforceTCs.TC2_Individuals -->
