<?xml version="1.0" encoding="UTF-8"?>
<!-- Generated by org.testng.reporters.JUnitReportReporter -->
<testsuite hostname="LAPTOP-KMM52CRE" failures="0" tests="2" name="mandatoryHW.DSA.week9.StrIsSubsequence" time="0.027" errors="0" timestamp="2023-09-22T21:52:44 IST" skipped="0">
  <testcase classname="mandatoryHW.DSA.week9.StrIsSubsequence" name="tc" time="0.024"/>
  <testcase classname="mandatoryHW.DSA.week9.StrIsSubsequence" name="tc1" time="0.003"/>
</testsuite> <!-- mandatoryHW.DSA.week9.StrIsSubsequence -->
