<?xml version="1.0" encoding="UTF-8"?>
<!-- Generated by org.testng.reporters.JUnitReportReporter -->
<testsuite hostname="LAPTOP-KMM52CRE" failures="0" tests="3" name="mandatoryHW.DSA.week8.MoveAllZeros" time="0.010" errors="0" timestamp="2023-09-16T17:35:09 IST" skipped="0">
  <testcase classname="mandatoryHW.DSA.week8.MoveAllZeros" name="test2" time="0.001"/>
  <testcase classname="mandatoryHW.DSA.week8.MoveAllZeros" name="test3" time="0.001"/>
  <testcase classname="mandatoryHW.DSA.week8.MoveAllZeros" name="test1" time="0.008"/>
</testsuite> <!-- mandatoryHW.DSA.week8.MoveAllZeros -->
