<?xml version="1.0" encoding="UTF-8"?>
<!-- Generated by org.testng.reporters.JUnitReportReporter -->
<testsuite hostname="LAPTOP-KMM52CRE" failures="0" tests="1" name="mandatoryCW.selenium.salesforceTCs.TC2_Individuals" time="21.629" errors="0" timestamp="2023-09-01T20:16:21 IST" skipped="0">
  <testcase classname="mandatoryCW.selenium.salesforceTCs.TC2_Individuals" name="tc2" time="21.629"/>
</testsuite> <!-- mandatoryCW.selenium.salesforceTCs.TC2_Individuals -->
