<?xml version="1.0" encoding="UTF-8"?>
<!-- Generated by org.testng.reporters.JUnitReportReporter -->
<testsuite hostname="LAPTOP-KMM52CRE" failures="0" tests="2" name="mandatoryHW.DSA.week9.ArithmeticTriplets" time="0.022" errors="0" timestamp="2023-09-22T07:26:34 IST" skipped="0">
  <testcase classname="mandatoryHW.DSA.week9.ArithmeticTriplets" name="tc2" time="0.003"/>
  <testcase classname="mandatoryHW.DSA.week9.ArithmeticTriplets" name="tc1" time="0.019"/>
</testsuite> <!-- mandatoryHW.DSA.week9.ArithmeticTriplets -->
