<?xml version="1.0" encoding="UTF-8"?>
<!-- Generated by org.testng.reporters.JUnitReportReporter -->
<testsuite hostname="LAPTOP-KMM52CRE" failures="0" tests="3" name="mandatoryHW.week4.Day3" time="0.024" errors="0" timestamp="2023-08-23T17:12:04 IST" skipped="0">
  <testcase classname="mandatoryHW.week4.Day3" name="test3" time="0.003"/>
  <testcase classname="mandatoryHW.week4.Day3" name="test1" time="0.019"/>
  <testcase classname="mandatoryHW.week4.Day3" name="test2" time="0.002"/>
</testsuite> <!-- mandatoryHW.week4.Day3 -->
