<?xml version="1.0" encoding="UTF-8"?>
<!-- Generated by org.testng.reporters.JUnitReportReporter -->
<testsuite hostname="LAPTOP-KMM52CRE" failures="0" tests="1" name="mandatoryCW.week10.GrumpySeller_AlternateApp" time="160.639" errors="0" timestamp="2023-09-28T14:23:29 IST" skipped="0">
  <testcase classname="mandatoryCW.week10.GrumpySeller_AlternateApp" name="tc1" time="160.639"/>
</testsuite> <!-- mandatoryCW.week10.GrumpySeller_AlternateApp -->
