<?xml version="1.0" encoding="UTF-8"?>
<!-- Generated by org.testng.reporters.JUnitReportReporter -->
<testsuite hostname="LAPTOP-KMM52CRE" failures="0" tests="1" name="mandatoryHW.DSA.week8.HigestSum_SlidingWindow" time="125.660" errors="0" timestamp="2023-09-17T20:52:00 IST" skipped="0">
  <testcase classname="mandatoryHW.DSA.week8.HigestSum_SlidingWindow" name="test4" time="125.660"/>
</testsuite> <!-- mandatoryHW.DSA.week8.HigestSum_SlidingWindow -->
