<?xml version="1.0" encoding="UTF-8"?>
<!-- Generated by org.testng.reporters.JUnitReportReporter -->
<testsuite hostname="LAPTOP-KMM52CRE" failures="0" tests="8" name="mandatoryCW.restAssured.BookerApi" time="13.732" errors="0" timestamp="2023-08-31T22:51:44 IST" skipped="0">
  <testcase classname="mandatoryCW.restAssured.BookerApi" name="deleteBooking" time="2.691"/>
  <testcase classname="mandatoryCW.restAssured.BookerApi" name="getBooking" time="1.266"/>
  <testcase classname="mandatoryCW.restAssured.BookerApi" name="generateToken" time="2.085"/>
  <testcase classname="mandatoryCW.restAssured.BookerApi" name="ping" time="2.599"/>
  <testcase classname="mandatoryCW.restAssured.BookerApi" name="getBookingIds" time="1.327"/>
  <testcase classname="mandatoryCW.restAssured.BookerApi" name="updateBooking" time="1.260"/>
  <testcase classname="mandatoryCW.restAssured.BookerApi" name="partialUpdate" time="1.229"/>
  <testcase classname="mandatoryCW.restAssured.BookerApi" name="createBooking" time="1.275"/>
</testsuite> <!-- mandatoryCW.restAssured.BookerApi -->
