<?xml version="1.0" encoding="UTF-8"?>
<!-- Generated by org.testng.reporters.JUnitReportReporter -->
<testsuite hostname="LAPTOP-KMM52CRE" failures="0" tests="3" name="mandatoryHW.DSA.week7.BalancedString" time="0.032" errors="0" timestamp="2023-09-12T18:49:59 IST" skipped="0">
  <testcase classname="mandatoryHW.DSA.week7.BalancedString" name="test1" time="0.026"/>
  <testcase classname="mandatoryHW.DSA.week7.BalancedString" name="test3" time="0.003"/>
  <testcase classname="mandatoryHW.DSA.week7.BalancedString" name="test2" time="0.003"/>
</testsuite> <!-- mandatoryHW.DSA.week7.BalancedString -->
