<?xml version="1.0" encoding="UTF-8"?>
<!-- Generated by org.testng.reporters.JUnitReportReporter -->
<testsuite hostname="LAPTOP-KMM52CRE" failures="0" tests="2" name="mandatoryHW.DSA.week7.MaxNumOfPairs" time="0.023" errors="0" timestamp="2023-09-15T10:04:01 IST" skipped="0">
  <testcase classname="mandatoryHW.DSA.week7.MaxNumOfPairs" name="test1" time="0.021"/>
  <testcase classname="mandatoryHW.DSA.week7.MaxNumOfPairs" name="test2" time="0.002"/>
</testsuite> <!-- mandatoryHW.DSA.week7.MaxNumOfPairs -->
