<?xml version="1.0" encoding="UTF-8"?>
<!-- Generated by org.testng.reporters.JUnitReportReporter -->
<testsuite hostname="LAPTOP-KMM52CRE" failures="0" tests="1" name="mandatoryHW.week4.Day2_AlternateAppro" time="0.020" errors="0" timestamp="2023-08-23T17:21:10 IST" skipped="0">
  <testcase classname="mandatoryHW.week4.Day2_AlternateAppro" name="test1" time="0.020"/>
</testsuite> <!-- mandatoryHW.week4.Day2_AlternateAppro -->
