<?xml version="1.0" encoding="UTF-8"?>
<!-- Generated by org.testng.reporters.JUnitReportReporter -->
<testsuite hostname="LAPTOP-KMM52CRE" failures="0" tests="1" name="mandatoryCW.week10.IsPalinUsingExpandfromCenterAlg" time="0.011" errors="0" timestamp="2023-09-23T10:58:14 IST" skipped="0">
  <testcase classname="mandatoryCW.week10.IsPalinUsingExpandfromCenterAlg" name="test1" time="0.011"/>
</testsuite> <!-- mandatoryCW.week10.IsPalinUsingExpandfromCenterAlg -->
