<?xml version="1.0" encoding="UTF-8"?>
<!-- Generated by org.testng.reporters.JUnitReportReporter -->
<testsuite hostname="LAPTOP-KMM52CRE" failures="0" tests="3" name="mandatoryHW.week4.Day5_SummaryRanges" time="0.014" errors="0" timestamp="2023-08-25T02:19:40 IST" skipped="0">
  <testcase classname="mandatoryHW.week4.Day5_SummaryRanges" name="test3" time="0.001"/>
  <testcase classname="mandatoryHW.week4.Day5_SummaryRanges" name="test2" time="0.001"/>
  <testcase classname="mandatoryHW.week4.Day5_SummaryRanges" name="test1" time="0.012"/>
</testsuite> <!-- mandatoryHW.week4.Day5_SummaryRanges -->
