<?xml version="1.0" encoding="UTF-8"?>
<!-- Generated by org.testng.reporters.JUnitReportReporter -->
<testsuite hostname="LAPTOP-KMM52CRE" failures="0" tests="1" name="mandatoryHW.DSA.week6.MakeTheStringGreat" time="29.653" errors="0" timestamp="2023-09-08T21:38:20 IST" skipped="0">
  <testcase classname="mandatoryHW.DSA.week6.MakeTheStringGreat" name="test2" time="29.653"/>
</testsuite> <!-- mandatoryHW.DSA.week6.MakeTheStringGreat -->
