<?xml version="1.0" encoding="UTF-8"?>
<!-- Generated by org.testng.reporters.JUnitReportReporter -->
<testsuite hostname="LAPTOP-KMM52CRE" failures="0" tests="1" name="mandatoryHW.DSA.week4.Day4_SummaryRanges" time="0.025" errors="0" timestamp="2023-08-25T14:28:29 IST" skipped="0">
  <testcase classname="mandatoryHW.DSA.week4.Day4_SummaryRanges" name="test4" time="0.025"/>
</testsuite> <!-- mandatoryHW.DSA.week4.Day4_SummaryRanges -->
