<?xml version="1.0" encoding="UTF-8"?>
<!-- Generated by org.testng.reporters.JUnitReportReporter -->
<testsuite hostname="LAPTOP-KMM52CRE" failures="0" tests="3" name="mandatoryHW.DSA.week8.MoveOddNums_Bidirectional" time="0.027" errors="0" timestamp="2023-09-19T11:46:27 IST" skipped="0">
  <testcase classname="mandatoryHW.DSA.week8.MoveOddNums_Bidirectional" name="test2" time="0.003"/>
  <testcase classname="mandatoryHW.DSA.week8.MoveOddNums_Bidirectional" name="test3" time="0.002"/>
  <testcase classname="mandatoryHW.DSA.week8.MoveOddNums_Bidirectional" name="test1" time="0.022"/>
</testsuite> <!-- mandatoryHW.DSA.week8.MoveOddNums_Bidirectional -->
