<?xml version="1.0" encoding="UTF-8"?>
<!-- Generated by org.testng.reporters.JUnitReportReporter -->
<testsuite hostname="LAPTOP-KMM52CRE" failures="0" tests="2" name="mandatoryHW.DSA.week6.MaximumNoOfWords" time="0.009" errors="0" timestamp="2023-09-08T19:52:17 IST" skipped="0">
  <testcase classname="mandatoryHW.DSA.week6.MaximumNoOfWords" name="test2" time="0.001"/>
  <testcase classname="mandatoryHW.DSA.week6.MaximumNoOfWords" name="test1" time="0.008"/>
</testsuite> <!-- mandatoryHW.DSA.week6.MaximumNoOfWords -->
