<?xml version="1.0" encoding="UTF-8"?>
<!-- Generated by org.testng.reporters.JUnitReportReporter -->
<testsuite hostname="LAPTOP-KMM52CRE" failures="0" tests="1" name="mandatoryHW.DSA.week6.HW_Sep7_2325_DecodeTheMessage" time="0.008" errors="0" timestamp="2023-09-11T18:34:05 IST" skipped="0">
  <testcase classname="mandatoryHW.DSA.week6.HW_Sep7_2325_DecodeTheMessage" name="test1" time="0.008"/>
</testsuite> <!-- mandatoryHW.DSA.week6.HW_Sep7_2325_DecodeTheMessage -->
