<?xml version="1.0" encoding="UTF-8"?>
<!-- Generated by org.testng.reporters.JUnitReportReporter -->
<testsuite hostname="LAPTOP-KMM52CRE" failures="0" tests="4" name="mandatoryHW.DSA.week9.SlidingWindow_DistinctChars" time="0.010" errors="0" timestamp="2023-09-20T13:03:13 IST" skipped="0">
  <testcase classname="mandatoryHW.DSA.week9.SlidingWindow_DistinctChars" name="test2" time="0.001"/>
  <testcase classname="mandatoryHW.DSA.week9.SlidingWindow_DistinctChars" name="test3" time="0.000"/>
  <testcase classname="mandatoryHW.DSA.week9.SlidingWindow_DistinctChars" name="test4" time="0.001"/>
  <testcase classname="mandatoryHW.DSA.week9.SlidingWindow_DistinctChars" name="test1" time="0.008"/>
</testsuite> <!-- mandatoryHW.DSA.week9.SlidingWindow_DistinctChars -->
