<?xml version="1.0" encoding="UTF-8"?>
<!-- Generated by org.testng.reporters.JUnitReportReporter -->
<testsuite hostname="LAPTOP-KMM52CRE" failures="0" tests="1" name="mandatoryHW.day1.test" time="16.724" errors="0" timestamp="2023-08-17T23:26:38 IST" skipped="0">
  <testcase classname="mandatoryHW.day1.test" name="seleniumTest" time="16.724"/>
</testsuite> <!-- mandatoryHW.day1.test -->
