<?xml version="1.0" encoding="UTF-8"?>
<!-- Generated by org.testng.reporters.JUnitReportReporter -->
<testsuite hostname="LAPTOP-KMM52CRE" failures="0" tests="1" name="mandatoryHW.DSA.week8.SortedArray" time="0.020" errors="0" timestamp="2023-09-16T12:26:41 IST" skipped="0">
  <testcase classname="mandatoryHW.DSA.week8.SortedArray" name="test2" time="0.020"/>
</testsuite> <!-- mandatoryHW.DSA.week8.SortedArray -->
