<?xml version="1.0" encoding="UTF-8"?>
<!-- Generated by org.testng.reporters.JUnitReportReporter -->
<testsuite hostname="LAPTOP-KMM52CRE" failures="0" tests="1" name="mandatoryHW.selenium.week7CW.SeleniumAssessment_Wk7" time="37.206" errors="0" timestamp="2023-09-09T21:41:38 IST" skipped="0">
  <testcase classname="mandatoryHW.selenium.week7CW.SeleniumAssessment_Wk7" name="seltest1" time="37.206"/>
</testsuite> <!-- mandatoryHW.selenium.week7CW.SeleniumAssessment_Wk7 -->
