<?xml version="1.0" encoding="UTF-8"?>
<!-- Generated by org.testng.reporters.JUnitReportReporter -->
<testsuite hostname="LAPTOP-KMM52CRE" failures="0" tests="1" name="mandatoryCW.week10.SmallestSubSeq2_DynamicSliding" time="158.322" errors="0" timestamp="2023-09-23T15:27:42 IST" skipped="0">
  <testcase classname="mandatoryCW.week10.SmallestSubSeq2_DynamicSliding" name="tc" time="158.322"/>
</testsuite> <!-- mandatoryCW.week10.SmallestSubSeq2_DynamicSliding -->
