<?xml version="1.0" encoding="UTF-8"?>
<!-- Generated by org.testng.reporters.JUnitReportReporter -->
<testsuite hostname="LAPTOP-KMM52CRE" failures="0" tests="1" name="mandatoryCW.week10.GrumpySeller" time="31.961" errors="0" timestamp="2023-09-28T13:07:06 IST" skipped="0">
  <testcase classname="mandatoryCW.week10.GrumpySeller" name="tc2" time="31.961"/>
</testsuite> <!-- mandatoryCW.week10.GrumpySeller -->
