<?xml version="1.0" encoding="UTF-8"?>
<!-- Generated by org.testng.reporters.JUnitReportReporter -->
<testsuite hostname="LAPTOP-KMM52CRE" failures="0" tests="3" name="mandatoryHW.DSA.week8.DistinctCharacters" time="139.551" errors="0" timestamp="2023-09-19T17:47:46 IST" skipped="0">
  <testcase classname="mandatoryHW.DSA.week8.DistinctCharacters" name="tc3" time="2.278"/>
  <testcase classname="mandatoryHW.DSA.week8.DistinctCharacters" name="tc1" time="108.206"/>
  <testcase classname="mandatoryHW.DSA.week8.DistinctCharacters" name="tc2" time="29.067"/>
</testsuite> <!-- mandatoryHW.DSA.week8.DistinctCharacters -->
