<?xml version="1.0" encoding="UTF-8"?>
<!-- Generated by org.testng.reporters.JUnitReportReporter -->
<testsuite hostname="LAPTOP-KMM52CRE" failures="0" tests="2" name="mandatoryCW.week10.DynamicSlidingWindow" time="0.012" errors="0" timestamp="2023-09-24T10:17:25 IST" skipped="0">
  <testcase classname="mandatoryCW.week10.DynamicSlidingWindow" name="tc2" time="0.001"/>
  <testcase classname="mandatoryCW.week10.DynamicSlidingWindow" name="tc1" time="0.011"/>
</testsuite> <!-- mandatoryCW.week10.DynamicSlidingWindow -->
