<?xml version="1.0" encoding="UTF-8"?>
<!-- Generated by org.testng.reporters.JUnitReportReporter -->
<testsuite hostname="LAPTOP-KMM52CRE" failures="0" tests="2" name="mandatoryHW.DSA.week8.MaxSum" time="0.011" errors="0" timestamp="2023-09-17T14:34:25 IST" skipped="0">
  <testcase classname="mandatoryHW.DSA.week8.MaxSum" name="test1" time="0.001"/>
  <testcase classname="mandatoryHW.DSA.week8.MaxSum" name="test" time="0.010"/>
</testsuite> <!-- mandatoryHW.DSA.week8.MaxSum -->
