<?xml version="1.0" encoding="UTF-8"?>
<!-- Generated by org.testng.reporters.JUnitReportReporter -->
<testsuite hostname="LAPTOP-KMM52CRE" failures="0" tests="1" name="mandatoryHW.DSA.week4.Day5_AssignCookies_Updated" time="0.009" errors="0" timestamp="2023-08-31T00:29:40 IST" skipped="0">
  <testcase classname="mandatoryHW.DSA.week4.Day5_AssignCookies_Updated" name="test4" time="0.009"/>
</testsuite> <!-- mandatoryHW.DSA.week4.Day5_AssignCookies_Updated -->
