<?xml version="1.0" encoding="UTF-8"?>
<!-- Generated by org.testng.reporters.JUnitReportReporter -->
<testsuite hostname="LAPTOP-KMM52CRE" failures="0" tests="2" name="mandatoryHW.DSA.week7.HeightCheck_Approach1" time="0.025" errors="0" timestamp="2023-09-12T17:35:16 IST" skipped="0">
  <testcase classname="mandatoryHW.DSA.week7.HeightCheck_Approach1" name="test1" time="0.022"/>
  <testcase classname="mandatoryHW.DSA.week7.HeightCheck_Approach1" name="test2" time="0.003"/>
</testsuite> <!-- mandatoryHW.DSA.week7.HeightCheck_Approach1 -->
