<?xml version="1.0" encoding="UTF-8"?>
<!-- Generated by org.testng.reporters.JUnitReportReporter -->
<testsuite hostname="LAPTOP-KMM52CRE" failures="0" tests="3" name="mandatoryHW.week4.Day2" time="0.010" errors="0" timestamp="2023-08-22T00:11:15 IST" skipped="0">
  <testcase classname="mandatoryHW.week4.Day2" name="test3" time="0.001"/>
  <testcase classname="mandatoryHW.week4.Day2" name="test1" time="0.008"/>
  <testcase classname="mandatoryHW.week4.Day2" name="test2" time="0.001"/>
</testsuite> <!-- mandatoryHW.week4.Day2 -->
