<?xml version="1.0" encoding="UTF-8"?>
<!-- Generated by org.testng.reporters.JUnitReportReporter -->
<testsuite hostname="LAPTOP-KMM52CRE" failures="0" tests="1" name="mandatoryCW.week10.PalindromeArrays" time="0.018" errors="0" timestamp="2023-09-23T13:49:11 IST" skipped="0">
  <testcase classname="mandatoryCW.week10.PalindromeArrays" name="tc1" time="0.018"/>
</testsuite> <!-- mandatoryCW.week10.PalindromeArrays -->
