<?xml version="1.0" encoding="UTF-8"?>
<!-- Generated by org.testng.reporters.JUnitReportReporter -->
<testsuite hostname="LAPTOP-KMM52CRE" failures="0" tests="1" name="testpackage.test" time="13.468" errors="0" timestamp="2023-08-17T23:07:54 IST" skipped="0">
  <testcase classname="testpackage.test" name="seleniumTest" time="13.468"/>
</testsuite> <!-- testpackage.test -->
