<?xml version="1.0" encoding="UTF-8"?>
<!-- Generated by org.testng.reporters.JUnitReportReporter -->
<testsuite hostname="LAPTOP-KMM52CRE" failures="0" tests="1" name="mandatoryHW.selenium.Day4" time="28.406" errors="0" timestamp="2023-08-22T16:03:56 IST" skipped="0">
  <testcase classname="mandatoryHW.selenium.Day4" name="day4" time="28.406"/>
</testsuite> <!-- mandatoryHW.selenium.Day4 -->
